<?xml version="1.0" encoding="UTF-8"?>
<testng-results skipped="0" failed="1" ignored="0" total="1" passed="0">
  <reporter-output>
  </reporter-output>
  <suite name="Default suite" duration-ms="59239" started-at="2021-07-08T19:25:47 IST" finished-at="2021-07-08T19:26:46 IST">
    <groups>
    </groups>
    <test name="Default test" duration-ms="59239" started-at="2021-07-08T19:25:47 IST" finished-at="2021-07-08T19:26:46 IST">
      <class name="cases_SaleOrder.SearchOrder">
        <test-method status="PASS" signature="launch()[pri:0, instance:cases_SaleOrder.SearchOrder@c46bcd4]" name="launch" is-config="true" duration-ms="16952" started-at="2021-07-08T19:25:47 IST" finished-at="2021-07-08T19:26:04 IST">
          <reporter-output>
          </reporter-output>
        </test-method> <!-- launch -->
        <test-method status="FAIL" signature="search_SaleOrder()[pri:0, instance:cases_SaleOrder.SearchOrder@c46bcd4]" name="search_SaleOrder" duration-ms="42236" started-at="2021-07-08T19:26:04 IST" finished-at="2021-07-08T19:26:46 IST">
          <exception class="java.lang.NumberFormatException">
            <message>
              <![CDATA[For input string: "8 Jul, 2021"]]>
            </message>
            <full-stacktrace>
              <![CDATA[java.lang.NumberFormatException: For input string: "8 Jul, 2021"
at java.lang.NumberFormatException.forInputString(Unknown Source)
at java.lang.Integer.parseInt(Unknown Source)
at java.lang.Integer.parseInt(Unknown Source)
at reusable.ActionoOnElements.select_Date(ActionoOnElements.java:170)
at cases_SaleOrder.SearchOrder.search_SaleOrder(SearchOrder.java:31)
at sun.reflect.NativeMethodAccessorImpl.invoke0(Native Method)
at sun.reflect.NativeMethodAccessorImpl.invoke(Unknown Source)
at sun.reflect.DelegatingMethodAccessorImpl.invoke(Unknown Source)
at java.lang.reflect.Method.invoke(Unknown Source)
at org.testng.internal.MethodInvocationHelper.invokeMethod(MethodInvocationHelper.java:133)
at org.testng.internal.TestInvoker.invokeMethod(TestInvoker.java:598)
at org.testng.internal.TestInvoker.invokeTestMethod(TestInvoker.java:173)
at org.testng.internal.MethodRunner.runInSequence(MethodRunner.java:46)
at org.testng.internal.TestInvoker$MethodInvocationAgent.invoke(TestInvoker.java:824)
at org.testng.internal.TestInvoker.invokeTestMethods(TestInvoker.java:146)
at org.testng.internal.TestMethodWorker.invokeTestMethods(TestMethodWorker.java:146)
at org.testng.internal.TestMethodWorker.run(TestMethodWorker.java:128)
at java.util.ArrayList.forEach(Unknown Source)
at org.testng.TestRunner.privateRun(TestRunner.java:794)
at org.testng.TestRunner.run(TestRunner.java:596)
at org.testng.SuiteRunner.runTest(SuiteRunner.java:377)
at org.testng.SuiteRunner.runSequentially(SuiteRunner.java:371)
at org.testng.SuiteRunner.privateRun(SuiteRunner.java:332)
at org.testng.SuiteRunner.run(SuiteRunner.java:276)
at org.testng.SuiteRunnerWorker.runSuite(SuiteRunnerWorker.java:53)
at org.testng.SuiteRunnerWorker.run(SuiteRunnerWorker.java:96)
at org.testng.TestNG.runSuitesSequentially(TestNG.java:1212)
at org.testng.TestNG.runSuitesLocally(TestNG.java:1134)
at org.testng.TestNG.runSuites(TestNG.java:1063)
at org.testng.TestNG.run(TestNG.java:1031)
at org.testng.remote.AbstractRemoteTestNG.run(AbstractRemoteTestNG.java:115)
at org.testng.remote.RemoteTestNG.initAndRun(RemoteTestNG.java:251)
at org.testng.remote.RemoteTestNG.main(RemoteTestNG.java:77)
]]>
            </full-stacktrace>
          </exception> <!-- java.lang.NumberFormatException -->
          <reporter-output>
          </reporter-output>
        </test-method> <!-- search_SaleOrder -->
        <test-method status="PASS" signature="close()[pri:0, instance:cases_SaleOrder.SearchOrder@c46bcd4]" name="close" is-config="true" duration-ms="0" started-at="2021-07-08T19:26:46 IST" finished-at="2021-07-08T19:26:46 IST">
          <reporter-output>
          </reporter-output>
        </test-method> <!-- close -->
      </class> <!-- cases_SaleOrder.SearchOrder -->
    </test> <!-- Default test -->
  </suite> <!-- Default suite -->
</testng-results>
